2.0,-0.9256258446136492,-1.2561401373360537,-0.4079747104796227,1.0145636966776335,-0.7038386775633861
1.0,0.27411649930300275,-0.007071693849611576,1.236082322943212,-0.25700695517590516,-0.9574005991786194
1.0,-0.020363947288350247,-1.0843654967939724,0.29464457156020124,-0.6074352822438909,-0.24317125607217677
2.0,-0.47858963866146986,-0.08731346655272186,-1.1407845113580672,-0.9416626645861332,1.57077586013061
0.0,-0.22224529304349555,0.33941856108265606,0.716969926610452,-0.5691415284996756,-1.0581378144035531
0.0,-0.7440074314140869,0.4397173818931419,0.19100535606772953,0.663344061947953,-1.8562944799592636
2.0,-0.4089787744988452,-0.20495463871358321,-0.7090698327405223,0.8194678797831308,0.17663086427150215
1.0,-1.1656118461825042,0.7790208054638724,1.1899460446987364,-0.9180916467962111,-0.8101302206707695
1.0,-0.23727909607745817,-0.8060492201189203,0.731332144413825,1.2717673863842283,-0.6404908060909428
0.0,0.18888340061344905,-0.5418703852116896,-0.3351858446071557,-1.7999366116478377,0.07868931654377838
1.0,-0.16911938863601178,0.32016029187955053,-0.23438874796539083,0.021724433856039654,0.30217649024740884
0.0,1.1134131460564962,-0.35781849792702575,1.0927657127051598,0.692925285020618,-0.20227644962303845
1.0,0.4777659835490099,-1.264440258592182,-1.3113604081567176,0.9490845326501801,-0.21045467588337918
0.0,1.0877497474498756,-1.4949604844678206,0.12745347654451872,0.5296937474943297,0.9394805159226178
1.0,0.6527270609380856,-0.9914730715469878,-0.5995594799154951,0.2781182732071372,-0.4617286307564068
2.0,0.03225959379464032,0.290696900545214,1.4598643539760467,1.1737991688433125,1.04774350060483
0.0,-0.5181240584100119,-1.1583090475877327,-0.08276605685131722,-0.029033943035846787,0.03827650106301803
2.0,0.3246520336127486,0.5342398497019291,1.024529128875202,0.702282014805848,-0.7612849784159782
0.0,0.13558835113347223,-0.3358707816677858,0.05087357968997053,-0.841412754579684,0.39357340875994934
2.0,-0.14074354067522413,-0.6817111491914664,-0.3388101153285654,-0.015054864681358913,-1.019044122062391
2.0,-1.333750932460733,0.8773213791646193,1.1212364257301026,0.6251810855530657,-1.7186706563346688
1.0,-2.5507515954543374,-0.6182298120127353,-0.7159631480874845,-0.8925480435054799,-1.2127509691124585
1.0,0.5338899829064185,-0.0954354492441986,-1.0070289708165667,-0.8505555469395006,-0.17368750693887575
0.0,1.2261022748576387,-1.0065669567950375,0.016151161407422236,0.29550946704234,0.17060985544883586
2.0,0.7617697137807463,-0.08534923218812562,-0.05829152976136444,0.9527635608770796,-0.4822267736331514
1.0,0.3013804618959543,0.5340824097324991,0.027888166482413147,-1.647848661179403,-0.7421929177448695
1.0,0.7955603532017186,0.6701572389725339,-0.5827027595276938,0.4200637563197679,-0.9979088609120136
0.0,-0.45887773091142486,0.6759491159088872,0.574630737271235,-1.4605741295810106,0.9756045061720295
1.0,-0.5207189682004497,-1.0066337028172017,-0.42159428895714807,1.3567751011705538,0.49276921270301954
2.0,0.3467924253182086,0.020636200082188676,-0.8905827385941545,-0.6055359117553168,-0.48648262493771877
0.0,1.0719725253660177,0.4984464012682868,0.6334904478785742,0.8462489708576554,-0.6701172064027435
1.0,-0.6351847967342259,-0.4867697530242897,0.026346996838070298,-0.5404842920825651,-0.2367468783790723
2.0,-1.1025868723340633,-0.43014279982780995,-0.162408513024862,0.49704660181573573,1.4601554954594265
2.0,0.6736754766686803,1.7760439343249583,-1.4852622468681032,-0.5505344269169892,-0.5967704370262735
2.0,0.9565608802231953,-0.49111066514978047,1.1310091958369133,1.9623845805223703,0.8524589957303627
2.0,-0.2132232166854618,-0.7529236902183553,0.4863526306996606,0.05239048443787515,0.31019151210566276
0.0,0.25360464951182154,0.5166560568989624,0.19251968930820176,0.21497535967427223,0.21940596185428307
0.0,-1.5091781650453562,-1.8585744526800154,1.2154034155153206,1.1048885100453545,0.19204658150121656
2.0,0.5542346867904149,0.612729526553306,-0.8319623501691502,-0.573249361396958,-0.3833603242943743
2.0,0.9986216431063843,-0.7438094282214874,0.6870748908148778,-0.6294061025168548,0.3454929157478496
2.0,-0.18250013990384048,1.5862538858110096,0.23089715258176635,-0.2180058855157465,0.27776697490914326
0.0,2.7418629233376843,0.32664699866865615,0.8366129850467051,0.1475874121185794,-0.2283945595954865
0.0,0.5046986320359709,0.26456197363200346,-1.5692721874793691,-0.43018313922240575,0.6031759244277778
2.0,0.5805376895646048,-0.5350749435163845,-0.025514652813231772,0.6648605246154902,-0.5808437678758838
1.0,0.28040686983206464,0.8456359070766631,0.40386932554534566,0.0692193709427577,-0.7850360656332971
0.0,0.6743050226719507,0.854810711808829,-0.0061578709708990835,1.167038157759905,-0.657042015571572
0.0,-0.329372991896252,-2.4899720610785216,0.4557962345513862,-0.5781720421318453,0.48013097226109847
1.0,1.3783565881396977,0.714204311249113,0.9672693374986122,0.4221716514513427,0.2894013685630523
0.0,2.239164484167726,0.02099958200571781,0.1369434414498065,-0.7139049687001927,-0.1421292769667113
2.0,-0.48641842513656824,0.4380060440570556,0.3409692870806911,-0.4629375596938513,-0.5525836093998066
1.0,0.7693447043593328,0.052091794846277586,-1.1227924488093,0.5120668669124242,-0.5857168225423709
0.0,0.3234639648560414,-0.9283323821270064,0.4237652792307328,0.5342787560775681,-0.8125638890281626
1.0,-0.10299263385108125,-0.15073066722369566,-0.828792052945226,-0.7260505845145879,-0.5652012824254594
1.0,-0.31349728134893856,-0.5790115373806386,-1.1708174743032682,0.2619447163829541,-0.30851940026943653
2.0,-0.469102353896308,0.07141537497483127,0.13031880782259825,-0.6163989639317111,-0.3602905728798729
0.0,-0.15726118070123593,-0.08256991708833666,-1.8267420742032185,1.9422570193237374,2.537601528105109
2.0,-0.5500469372655362,-0.33443358456987354,-3.1000019800971406,0.47676658062699456,0.11544241436602638
0.0,-0.42003048267143434,0.3409669780758751,-1.6877567984015684,-0.9832864772164883,-0.6375552381518004
0.0,0.18787260801947056,1.6243497069274246,1.010051474419931,-0.25426546130156524,-0.10730881651924237
2.0,-1.0584550244384643,-0.4741362374758049,0.8141731168931173,1.6055689559046495,0.5795056154015824
2.0,1.504532231114069,-1.4410888289638237,-0.3968700652172848,0.26529991080123894,0.6077909606930302
1.0,0.9085787708952084,0.05883683148013093,1.224984974421181,-0.6650229249885118,0.005038928227831528
0.0,0.2469862202737605,1.1034455637931144,-1.1228321026635975,-0.14477992640458512,-0.7525059931430219
2.0,-1.5848653432543256,1.0806353558545736,-0.5790300914512374,-1.8673278823537673,0.19875901258476175
2.0,-1.0292488015907866,-0.3184050506411598,0.5256575540019396,-2.3976651560663265,0.22338361665320125
0.0,0.12500511087490146,-0.04363267930988446,-0.05571807404605473,0.4918995117338987,0.5252529621599255
1.0,1.8113972722582268,-0.3481877084270583,-0.4032590956280141,-0.39434443556300425,0.4797534475765577
0.0,-0.19408861646795733,-0.120478976735517,0.2633150417968773,0.13152680373759024,-0.7818719546561663
1.0,1.569164811597197,0.23703637143984488,1.1389843583246428,1.6429466683593772,-0.23162480359747822
1.0,1.500332098227248,-0.3198453843774991,-1.7346243953689313,-0.1810862437438948,0.3983964841166855
1.0,0.09764098203935742,1.6177786066113529,-2.0233954672517287,-0.9016762292303739,-0.9214596475203181
