2.0,-0.14418254133489847,1.771029436004412,1.0032790475211812,1.1123355019757921,0.4943078118816388
1.0,-0.7071646732587725,0.23079514842106016,-0.21587747705607652,-0.7027776937530992,-0.4360588057502094
0.0,1.3225170050023856,-1.050015242567981,0.46313875632347096,0.1344649229978143,-0.2835088475133477
1.0,1.6366466784543092,-0.038243777071487,0.7379107954030879,-1.000182174565393,-0.37954519671262504
0.0,0.4071905501280532,0.06408631470334783,-0.44242014615219066,-0.1686389889910942,-0.7216520067693797
0.0,0.9291979957866449,-0.6548593845626104,-0.5119140561377411,0.502131162292407,0.3175424178025621
1.0,1.6436520425855237,-0.48439749486560363,0.8636294505131508,0.06984281390116677,0.005085336408282324
2.0,0.2633146813812728,2.8953560650652332,-1.5603137703643852,1.4684802207245744,0.573621424435942
0.0,-0.40173297528393476,-0.05805660845286013,2.119153960858486,-2.165617141765924,-0.7017524005528237
1.0,2.481948734582435,0.5778444487520125,0.7571689431872193,1.836191599757321,0.36757311925225816
0.0,-0.1435432576840672,-0.10887846507713474,1.585176663630443,-0.46683270240235636,0.3476849206362229
0.0,-1.028729703152603,-0.9808454190427761,0.5252532967359194,-0.2587138169047699,-0.8655168226019276
1.0,0.9447499970023399,0.749332450297174,1.1631046075473872,-1.2816884887004922,-0.17728704413878357
0.0,2.3620230399749684,-1.4245933972501121,-0.7047119110255217,-2.128356813192237,2.474726301750812
2.0,-0.5437644535040299,-1.5360199635861798,0.06448101841205252,1.406783619658865,0.2265830371056601
2.0,-1.7967577758135944,-0.05657420112930686,-0.3324432015452763,-1.0146592138069503,3.678724197555686
2.0,0.8708372040400751,0.2620737455044962,0.5608311164263161,0.8108389825708284,2.3312339614061797
1.0,-0.7277260266819924,0.20500477809151202,-0.10877852914827325,-0.7686706402177028,-1.1697792633313386
2.0,-2.263925298877611,-0.19947917945065372,-1.1023211393780998,-0.10229568008937244,3.8815732525461843
2.0,-1.1466964439749074,-1.01378086599649,2.255028713080951,0.6048526863986305,-0.613424255708668
0.0,-0.5488393014746573,0.23329924450504674,-0.8668079740866513,0.08831010737701474,-0.21793748248737926
2.0,-1.7243817434671804,0.9671309196234752,2.5363796353595274,0.7636775765832852,-0.8049415755089417
1.0,0.30065438722184035,-1.0079522734859716,1.0522073028816838,-1.2958570024354743,-0.34498344761872246
2.0,-3.177833154952615,-3.420105626200706,-1.3650267350137448,-0.04127044739395884,1.8462957828220636
1.0,-1.6201940253611562,-2.9156022363007676,-0.7720867470557591,-3.0041301706045056,1.7789532698887538
2.0,0.13943994022674183,0.4188759473847389,1.786118423974973,-0.4421667724453789,1.31464829856787
1.0,0.4985150804918659,-0.3832722034825733,-1.7054014255528782,0.2382999306542017,-0.03742547389654956
1.0,0.765203236358292,-1.2770818456796125,0.7190060634235085,-0.048543859025857505,0.17137910054980318
0.0,-1.260917927739653,-1.1651518296845007,1.1158251073552645,4.185277108095405,-0.40347835767709195
2.0,-1.0539291333345822,-2.5978916062417636,-1.2543814868047092,-0.4666042918063463,0.8381900260984858
1.0,0.30668282468027097,-0.9083846369584279,-0.7644461237241563,-0.06591011449657606,-0.21669800642181833
2.0,0.6812023246978779,-1.482790343818728,-0.07459928887420726,1.2395995819609813,0.588980530153447
0.0,0.6893244800939676,-0.670705946763814,-0.5943399250686563,0.2086614006261057,0.271855337595542
2.0,-0.8245931567236768,0.2944903493627439,1.566343192233735,-0.4794457879988627,-1.2458504352645086
1.0,-0.21879320724238355,0.0659373189044955,-0.35738633272996323,0.6393126264642097,-0.43227951497849865
0.0,-0.5681341900069895,-0.5755730998252094,0.38450783138713257,-0.9939830772655733,0.1001584470822695
0.0,-0.05120439982462349,-0.8416441008180485,0.3964987314541738,-1.120092375943076,-0.1610973796423315
1.0,1.2778039744642231,-1.0371056109875263,0.49702663337698044,1.1594754781441192,0.4687147633738815
2.0,-0.837367829383296,0.28013604826408706,1.0042024342313076,-1.1106504757476667,4.054546626596844
1.0,-1.3569335922614159,0.0779946971003453,0.6549562601266412,1.2914247199438886,-1.262654532933566
2.0,-1.9611900296532356,-0.31645566643520245,0.12832666950747,0.3209293932993127,-0.4593788923517378
0.0,0.4263243389668603,-0.7704695470294831,-1.0025378404200849,-0.3079937771670801,-0.28964845943809286
0.0,0.6947051854729768,-0.0014958225584093283,0.16398082341272324,-0.2041130515029639,-0.14547206467676005
2.0,0.9054604422168737,0.8271673432828058,-0.5303807109152352,-0.7398869468057818,0.03666920592398594
1.0,0.27354711847553986,1.0194968877038773,-0.5917245679552606,-2.346098186465434,-0.5828975549578546
2.0,-1.3976775060494653,-1.2767861422798024,0.7601966893533216,-0.27363814060667707,-0.34295982579576884
0.0,-1.271359371190442,0.4587676473652599,0.63583274430465,-0.8189028010665459,-2.1988894564507664
0.0,-2.3677315675211417,0.8951965169103009,0.307599779542646,0.9744617755033821,0.16478227564481185
2.0,0.1870661741319225,-0.1372729675597593,1.941582693636644,-0.7480960680105074,-0.6208022900758101
2.0,-0.4043005223734497,-1.5859883962531083,-0.1264759821220787,-0.9010193638665361,-0.3162063092805485
0.0,-0.0007428686327116238,0.7545234109518957,1.5140771522716572,0.24689455453369985,-1.1738594350331502
1.0,1.0925130410123576,0.7785563843853942,0.8344664660850807,-1.4327023764973088,0.5436683665828417
1.0,-0.3190703464117311,1.077206127602762,1.2391743283212693,-1.2353211890662852,0.28226187213719534
1.0,0.5482264551129944,-0.1364939473814131,0.4736882336943975,-0.21517255352015666,-0.2695006488840868
2.0,0.08792559736208644,1.7689687916379015,-1.4086919643604003,0.12070563445245376,-0.007164224380811202
1.0,0.5535667901276142,-0.4284501402437865,1.4430636869641151,0.7074094349312047,1.6219742084034554
2.0,-1.4696713976465938,0.6968715062952349,-0.16357010510130493,-0.5944569645787429,-1.4054804380053947
1.0,-1.1513536893669603,0.4843222165748967,-1.6595976750415138,1.5968115910716325,-0.9646272972884931
2.0,-0.09212580442908316,-0.6281214979457601,0.2849432977993459,0.9420586236349806,-0.4168294993969626
2.0,-1.0444168109848488,2.4840562194994456,1.936332752942345,0.9857787146836288,0.9319703535000303
1.0,-0.7333324185241443,-0.8168250607302693,-0.6113381532845387,0.25351400743763564,1.253319654385691
0.0,-0.3826898576923737,0.680585827474446,-1.3826734565802152,1.8733605196553078,-0.04069018027464769
0.0,0.46922696721124024,0.11609857856934547,0.16602683439962274,0.26779875201174935,-0.5809638854022835
0.0,-0.5908558437545595,0.05509920054528093,-0.8822809160730744,0.36297221608021457,-1.058236458477454
0.0,1.5605165077729586,-0.1668560421791915,-0.6986224977222658,-0.8925728156285342,-0.49902474658569895
1.0,1.165843417807147,-0.7945214198491061,-0.9792389286432527,0.9883952753848148,0.11922805533779189
1.0,-1.6335928739507948,-0.9748087766887551,-0.4446333572034129,-0.0662800433059743,1.473067787717675
0.0,0.20143863705819537,0.3113427832264071,-1.0687939430462263,0.5385103199058491,-0.6934484622559919
1.0,0.7977259404286317,-1.5426311347430575,-0.059444790940887074,-0.1817726747860793,0.24033562933991354
0.0,0.5979816873675108,-0.575630935577362,1.2176569457497035,0.05655061578559574,-0.5480469946174549
0.0,0.8099991600371677,0.23913949045822677,0.8557775036466498,0.01741770933878437,-0.8832250451218308
