1.0,-1.5095548639276102,0.7278386367408806,0.5402226677248765,0.31527101797857887,-0.062358549488669666
1.0,1.0707611906491425,0.4165586174387968,1.405536209483195,0.836477113771882,-0.21043244796287322
2.0,-0.8216195489102117,0.25608313308357455,0.3627181211904532,-1.020860509844984,-0.003802392673071709
1.0,-0.7676003813658334,0.6691963285883097,-0.5285496294763332,2.1911804612974013,-1.0912068082276565
1.0,0.7672037406459684,1.0793038808294138,-1.6166084725994923,1.1378429250119446,0.11213429795350917
0.0,0.07044995321719273,-0.033693513095779344,-1.34458615456346,-0.06935303417707443,-0.36135761104789754
0.0,-0.6766189763404301,-0.48418629672126656,0.6271160202900433,1.0733248908340411,-1.246943939699376
0.0,-1.3266206970457184,1.3074652098473167,0.31559072120819687,-0.9009419212503196,0.3587882838789383
2.0,1.2214737612510802,0.8023966737050948,0.23412587576689328,0.27669293488218705,-0.5161446052452663
2.0,1.4977236929446098,0.47119474890881496,0.808564553466,1.3451530780985272,-0.5982965659356112
1.0,0.5939247873029724,0.4366488502589412,0.4433668853933299,0.5857292235602832,-0.5154463770728512
2.0,-0.04748934534082225,0.052030856277513325,0.8494076372801246,-0.9794597254893397,-0.8438254340371113
0.0,-1.2447141634346395,-1.1918614428357674,-0.735839726259857,1.1554537355949377,0.6092991155057811
1.0,0.28979856522733716,0.345696003310664,1.4842039431308558,-0.5110194855454441,-0.11600843828896368
2.0,-1.0106318564344063,1.2284806891068496,0.6509240260125256,0.20258276531137767,5.456356590500845
2.0,-0.9109827242891206,-0.3345329915326452,0.04683842418011141,0.25676464228904816,-1.2058701614074092
2.0,0.09463186593467099,1.0872560142748438,-0.6081929726317876,0.005409325557585614,-0.0975469828164733
0.0,-0.45118464028603567,-0.3681998286351752,-0.1395498193929582,0.02887552416898141,-0.8343723283313089
2.0,-1.4593195888693764,1.1220678613923905,2.910460250137605,-1.5175541147394964,2.2047335196925553
0.0,0.6244596267425682,-0.7114629638135807,-1.2880126904689664,-0.5992276640400812,0.2662939491010117
0.0,-0.1312557909540423,1.9569623853725369,0.5270212701660513,0.6047983439607729,0.7479289101428941
0.0,0.5638646031799219,0.3254730727498266,-0.44564338697519995,0.2232218716281418,-0.7655238865281196
1.0,-0.7972911377569396,0.7060035411717982,-0.3651093870140202,-1.0674113863928334,-0.4782465676815125
2.0,0.7318956902306128,-0.07951405734080927,1.6389224543351717,1.825506071678337,-0.38519746023435814
2.0,-0.676529004159453,-1.2437626032753644,0.49038639940045015,-0.038505143145009885,-0.4975290828057003
1.0,-0.19199644730910473,0.5181961981437032,-1.0253831860436036,1.0396362732080766,-0.014956142596714616
1.0,0.1229332337340313,0.5067069252378658,-0.985101137284871,0.3818605149324416,3.0598314186883853
2.0,0.0708234686117481,-0.9175188143027658,0.9881042679640825,0.42815605885131236,0.6307812380415068
2.0,0.7356708126083854,0.45852409203268085,0.20603563838315433,-0.2841544812618001,-0.8865633804902491
0.0,1.4065728296478215,-0.5906207249516291,0.8587152326506664,-0.32695953770268826,0.15841490392700439
1.0,1.809000907360251,-1.036838566015028,1.228492450649997,0.26533167863649254,0.49480114406455594
1.0,-0.09623720078570124,0.515500725048228,1.1098450509197917,-0.7882656313120698,-0.5786309449825402
1.0,-1.0337363067105123,-2.152397230699493,-0.7635274302448006,-1.0899275303352765,-0.034281251079899246
0.0,0.6124283509574048,-0.3681050757932429,1.646800488733876,-0.6650940405941438,0.5607949845207855
2.0,0.028271535985810916,0.26754600966296943,0.945368254840597,-0.4589125535868229,0.01770129338889464
1.0,0.19896168656582544,-0.43587658981217026,0.048680654196501895,0.23260757720864347,-0.8266935919873024
2.0,0.5443182625197086,-1.026288764398122,-0.3904298523578072,0.24911980257965557,-0.14307182195164067
1.0,0.9873293386509726,-0.7901873180267756,-0.19916261116585907,0.8222085851022966,0.148164270982863
0.0,0.8241765729006634,0.32773996069631833,-1.7452693422080776,-0.04289132204359296,-0.5343496267675293
2.0,-2.155781942477176,0.19232444148619893,0.1816779926498041,-2.063555132461588,0.44882435599308296
1.0,-0.8782149945792171,1.4034286708794028,0.584419345358295,0.3063503840937072,-1.8009274824842676
0.0,2.2782772364920687,1.0024363428599106,0.7415353869511012,-1.623644356455257,0.42826271080462636
1.0,0.6980697242556495,1.016375884037267,-0.24856519656890289,0.053452579443764484,-0.819219159263416
0.0,0.17392616573188507,1.9389355925859626,0.4220629125744961,-0.2398464182978498,-0.415878195238861
0.0,-0.14357815328719295,-0.8411792073153601,0.9327691085595803,-1.5474501488281074,0.17441605750996364
1.0,0.2999105851477342,-1.1197183699663917,0.5835832503185585,-0.28294354456851245,0.19538538986237117
0.0,1.1067277813316954,0.21788221784219325,1.0766382013275828,-0.48053290337393967,-0.4715463107354747
1.0,-1.2556999563507456,0.28385970822203127,-0.5571894927557279,0.2397399382265798,0.10218128416117514
1.0,0.3241908038608573,0.8989848605096544,-0.31798272022401847,-0.32229759063438707,-0.5444662539988717
2.0,-1.1008554453322499,-0.6139997440374751,-1.7846383254035518,0.92792432406433,-0.3057421926764315
2.0,-1.8858994765960289,1.193212505656788,-1.8434343789766663,-1.0819758601799183,-0.9718241068189357
2.0,-0.5606518639083631,-0.3842659380037167,-0.884931579532691,0.020103101269836634,0.2626899637572035
2.0,0.09133901121081205,0.703992153135978,-0.5464439050027388,0.30596422340209634,-0.7949489018411268
2.0,-1.033367517073583,0.3815940946740693,-1.8518554539114422,-0.014169693034705683,-0.06133679332287408
0.0,0.9194872274662518,-0.9006746278309989,-0.30114374784274833,-0.5054972787738734,0.1727449066912822
0.0,-0.639791189970621,0.6828361834457453,1.1187420971251558,-1.83510153937316,-1.2538851459215163
2.0,1.419676436932286,-0.2129863751834977,-0.9104211751422604,-0.9974290924709831,-0.07586096545966005
1.0,-0.48984204817540056,-0.27744347360282484,0.793659380798431,-0.06702079147613277,-1.6695703426888993
1.0,-0.0792444969533134,-0.4857307467407673,0.5655644998759554,0.44532024679671384,-0.6320666177299805
2.0,-0.38905315844883875,1.5455412742110262,-2.3643230382117686,0.561137618639607,-0.2877465604168746
0.0,1.8092006958239424,-0.6525936890505983,0.47681302568407946,1.4447935788310924,0.5384727373775386
1.0,0.5666872846253057,0.7865898095053846,-0.8890310948173887,-1.3447734965339382,-0.34194578476472187
0.0,1.6409628987234592,-0.9743009888781878,0.6857926373454297,0.8307734079407093,0.2854643848827556
0.0,0.8682045186402789,-0.9707563537168726,-0.5283038716695715,-2.690694115293189,0.1825219934638495
0.0,0.4843963778503011,0.7360284464701755,0.5377207319796125,0.35279448637517496,-0.27852709578022955
1.0,1.2842061405855136,-0.517741737470155,-0.3103657991920665,-0.29248130127807676,-0.20314769547620914
0.0,0.6355888247776212,-0.592412734950403,0.20747310611752204,0.22185739072583818,1.847097193071895
1.0,-0.12017148949652937,-0.13059794567244837,0.5313981440889628,0.022520552304736624,-0.06411256100725762
2.0,-0.9803923322040697,0.22007973586504606,0.09081528290151551,2.693787972559026,-0.9373504847280548
0.0,1.2036309173280928,-0.4487977708762666,0.3315874157524638,-0.04308146353960472,1.1738911912209162
