1.0,-0.504530760418901,0.6178606200387304,0.4030743252538138,-0.5949466356059734,0.27130044304272355
2.0,-0.14537376002552918,0.2680194952469815,1.7710032535924092,0.30067953285272814,0.5042997213618751
1.0,-0.3247428617653677,-0.8440360377404472,-1.066421398159911,0.2035953419191317,-0.6331721856830129
1.0,-0.8094529096113027,0.756384400106363,-0.3920427507549298,-0.5215747862904732,-0.1888088935223234
0.0,0.14057541710272328,-0.4510872451191331,0.7790445904450204,1.2207286584646508,-0.35882463130526776
1.0,-2.143675421784867,-0.6280822060348487,-0.2533531406081421,-0.07196410875324327,0.813505219692891
2.0,-1.6838993918344676,0.8117616083330145,-0.38728988043159257,-0.6594252592119972,-0.0932810378882673
2.0,-0.23612858635214978,0.6025617842099943,-1.0917277747264327,0.8648083959371046,1.5889549896314428
0.0,-0.6317915153988333,-0.27655860388803977,2.550173286004503,0.9205646859375848,-0.26277375068853515
0.0,1.3316996020512797,1.502984777250642,-0.33150127007366115,0.05511990935393634,-1.595241013514358
1.0,-1.4365325353480691,-1.951162981757188,-0.8900378419885483,-1.2572529595391135,-0.23266219920236172
0.0,-1.453396328731828,-0.3178449007016562,-0.377397807870588,0.6541190943034928,-0.7689172960647457
2.0,1.3481383547441406,1.031840317310337,-1.5778299953889836,-0.883559331285846,-0.3374402704743724
2.0,0.5473460626412556,0.7164949953185815,1.4954017695187056,-0.45339455072719437,0.5038439423463773
0.0,-0.9583796478792692,-0.44838607467784636,1.335219989821222,0.45137544734149837,-0.18489324264748808
1.0,-0.4513927937652014,-1.7834146767505137,0.8212226139321589,-0.9342916157998209,0.20879453004188597
1.0,-1.0959026850721685,-1.4274635256712993,0.2520953523965215,-0.3758529935551443,-0.7008787313647393
0.0,1.0342635505910038,-0.024331286161274522,-0.14242351693030159,-0.10293261313173083,-0.3327899964735827
2.0,-1.5748133281214836,0.6403723289529172,-2.1288992082241505,-0.8621185579153133,0.12533447690343616
0.0,0.8815162399386754,0.37581772173237893,1.3086823672566936,-2.439209252366036,0.3144363519580265
0.0,-1.2367773086206728,1.0026840041873748,0.19902590226952682,1.1131606566698602,-0.9373285794724474
1.0,-0.24683241393132718,-0.9029459008143619,0.3025938502018898,1.314025414373232,0.32483936152106246
1.0,-0.9330213213876992,-0.724620031277703,-0.3841539341819955,0.44535788081505817,-0.6242906849590638
1.0,0.10951300062522172,-1.1536685193070726,0.8547861851543881,-0.4146982467540757,-0.38070360649232543
2.0,-0.3792139483992606,2.1822537948286067,-1.8575424984649958,-1.263262081420946,1.4155985299969047
1.0,0.03688833564981386,1.228981595651884,-0.3417923659332962,1.7589355031113878,-0.20354560841344196
2.0,0.972194824144444,0.3396306763304534,1.24184901646968,1.177980473687781,-0.6567908168630151
0.0,-0.4927507849312473,-0.6981109364895826,-1.64753377287092,0.042998203999686256,0.03127588199712938
0.0,0.15404381298943284,1.2300307989515844,-1.3798194911907864,0.21375809234037052,-0.710561464554786
1.0,0.8824865193362319,0.49112261492739007,-0.16581458096068197,1.2204751612244793,-0.6808999329963334
2.0,-0.3979448119379389,-1.1786171800901033,-0.5403420973671482,0.9158303918650746,0.46484311482371704
1.0,0.1709966212639153,-1.3274698050206906,1.559271775111432,-1.4084532716197489,0.237330303523549
0.0,-1.137341510414291,-0.15019494925650959,0.331153467415556,-1.8824370789745914,1.1472523696534174
2.0,-0.7264861383208587,0.4708756215367084,0.8351113818502199,0.39345683225598366,2.058467048470103
2.0,0.20593964330953,-0.9114498261508226,-0.8541425168628317,1.1376757868686527,0.16219766618704254
0.0,0.16868982468396143,-0.6187990385422572,1.465501984982741,-0.14650686955273456,-0.6293636468423884
0.0,-1.5637155748145883,1.4772295785633545,-1.3791428738319118,-2.2034160682625665,-1.5766083230739318
2.0,0.6798121769254389,-0.2024745697620574,0.7088201458199122,0.22543626035189998,-0.5089271762296478
0.0,-0.03961324597909275,0.1542836952216781,-1.5015157424349566,0.11319172207940865,-1.0650805454835737
1.0,-0.11866489166637544,1.8069852903637147,0.7344790102054654,0.6030761675021391,-1.0018907621620676
2.0,-0.1966687545423904,0.9375790763058104,0.7275533697676613,0.13888203204548705,2.842974676095858
0.0,0.9599831299958187,0.43551275892557506,0.30799106756586236,0.9062996710876391,2.9740354315552953
0.0,0.9314933207667899,0.5751647818195461,-0.04717876070799606,2.928995017948788,0.5651481771371846
2.0,-1.7948870319833206,-1.4438668393841938,-1.1813831321413202,-0.5199596236444683,0.3283674847691291
1.0,1.1906522337003793,-0.650302992699808,-0.5347638307390649,-0.48455006640395826,1.0302505266867514
1.0,0.5563138249418752,-0.06102238397137802,-1.3450167970037128,0.7297039768406637,-0.32769443262248193
1.0,0.309955903433654,-0.669377466753969,0.22481435800243507,-0.3700411465108726,-0.22353077525575255
0.0,0.8428409757993496,1.155404485424172,-1.947004446479219,0.22049258806415298,0.613574570169652
2.0,-0.21285447449702358,-0.2511554806119032,-0.27515529999504057,0.40647183694235944,-0.39737938968014686
1.0,1.3966081113371955,0.5305886931042568,-0.2122485610576987,0.764768706921217,-0.15010218003682066
0.0,-0.049677418956584354,1.1088253725493864,0.15690177147240475,-0.6409844973789828,3.1439060394682987
2.0,-1.2835663966194621,1.3706634773274007,-0.31458412991133194,-0.8856960639167821,0.1716404947782885
0.0,-0.09331077202174809,-0.22019319184849256,1.9528874700058043,1.6175351390778512,-0.35530573846572905
0.0,-1.0870695391633556,0.12246473498224679,-0.02578547853467035,0.2621962406497357,-0.8826798613432933
0.0,0.8755679378916825,0.6311752695072149,0.6647677227100461,0.3303306028793946,1.3490698697527344
0.0,-0.892932069710643,0.5995513634621833,0.019212708982897207,0.923225027970979,-0.4387225142763797
2.0,-1.099551184920142,-0.8191543659261036,1.4172174580051844,0.22750413793268764,0.09193771151753259
1.0,0.8313024584108694,-0.19271192543699794,-0.04603560043713675,0.890171397891772,-0.6172665311324105
1.0,-0.6299816566026445,-2.016267029572534,-0.005677877805031702,0.5871223835985523,0.31006808014943404
1.0,-0.6152361815514428,-1.2502582992005253,-0.1486738630924868,-0.6227360199213111,1.5886702556754384
2.0,-0.3340367786733562,1.1214925947496002,-1.039380614798654,-0.2916263851082092,-0.5773215931656865
2.0,-1.843831005185938,-0.7123782204729151,0.4423756306679991,0.13628047784126132,-0.04284359958661963
2.0,-1.0500090934078243,0.4923071333894211,-0.20260452979440702,2.893962588723406,-1.0214494458065009
2.0,-0.3609789572521033,0.029465400299371877,0.1807688187597353,1.145391506603281,-0.00032032369057726797
1.0,0.8810016822948463,0.8289369458260708,-0.8940452884566789,-1.2095042797165425,-1.0408726284451055
1.0,0.035471946812774414,-0.45556003110911336,1.6389389799452356,0.43141347926991136,0.3142205506035291
2.0,0.8458877348310951,-0.5866050472818757,1.2602193818718184,-0.6175099631070139,0.3229136650651077
2.0,0.4230558528807449,-0.44778945905045964,0.29263287225006035,-0.8364470976195605,1.2492337765140282
2.0,0.9926516401590381,1.7522853116773054,-1.619323929674856,-0.00010844198921529094,0.10935802487878747
1.0,0.2118095198327627,-0.3627229331808018,-0.5305371949573988,1.3765813125958763,0.006688956743771376
0.0,0.9294462266507482,-0.7702127026259878,-0.9720330865099022,0.7748948878513235,0.6324833009786741
0.0,-0.0092628011106068,-1.1632466760901936,-0.9319682087280468,1.9341253241586533,-0.5230057022601118
