0.0,1.7520793324909532,0.8627800749832948,-1.7180113302649398,0.8339519877550657,-0.433869357224362
2.0,0.3020676375157827,1.1649897832573686,-0.8757788359711576,-1.6565444677473162,0.564485697492973
2.0,-1.1821954618337522,-1.1592853204632927,0.9179927247841673,-0.5529503411450482,-0.7813440202777414
2.0,0.026509121799998817,0.5803882210479618,-0.5472059764630969,-0.47950237275026025,-0.655713771531685
1.0,0.7274460984274201,1.2506005273412284,0.010746403743047077,0.23033695077859245,-0.8015508064422048
2.0,1.2382068377626132,0.03236548734917253,0.27432398708141315,1.9210223340053834,0.34220699668775767
1.0,0.760512361308331,0.9299980478966325,-0.9745894186466076,0.5437146937102761,-0.9599729507716901
0.0,0.5117465610721309,0.8570226145110853,-1.209752508792498,-0.08419590295565176,-0.61764384259586
1.0,0.8206526437905339,0.18739988655108755,1.0606178038740535,0.39462934558117374,-0.6820403993427492
0.0,-1.543852851082445,-1.471030696907914,0.49194544899773457,0.8488702385101481,0.0008796732739332742
0.0,0.24495194622759237,0.024796981973991238,1.4349719154737783,-0.27123226326972816,-1.6317783636089418
1.0,3.144614100228317,0.7168985780286351,1.75168176006458,3.2201514205757578,0.47072701340073164
1.0,1.573929800011908,0.1817903425763717,-0.07989550310089706,-0.467589682801189,1.203148764995758
2.0,-0.8930125857534651,-0.4202861915440619,-0.5286737926286383,-0.09482654905888355,-0.5009777022011028
1.0,-1.5528341850328649,-3.3404206750956416,0.08994012176975778,-1.4602279592898302,1.4792777268875925
0.0,-0.13754320045701307,0.6486196770119571,-0.20176334194474668,0.24731052203575993,-0.8388114748079514
0.0,-0.6991483824225332,1.4766371036965569,0.7972928403057035,-0.28229408083248997,2.969836936435396
1.0,-0.046006919447948755,-0.4051650907886213,-0.9862517668816015,1.8619691715441544,0.397313375901401
1.0,-0.6864068311344025,0.3418360476148667,0.9107853964361872,0.21828545464332452,-1.622273994996979
1.0,-2.715043788561534,-0.6659819834579928,-0.4119785955146623,1.964007032221455,1.273279041748636
2.0,0.6950119467063712,-0.055732313211647636,-0.23133987577916135,0.9288250453451041,0.4808886340034222
2.0,1.2630573402678564,-0.8908039312930626,-0.05751943185272681,0.3397561138256119,-0.16706190897627507
0.0,-0.29425734821740235,-1.3467953282415372,1.5574658951679172,0.501959027372173,-0.11705716974067379
1.0,-0.5312192102344517,0.9557485984417364,0.7940442840443158,-0.17666008455840865,-1.8186722668581774
2.0,-0.19232372240510628,0.0031292439395807494,0.23813241793193196,-0.408636272690826,-1.0955365004506732
0.0,0.5556376988875592,0.7675582371487853,-1.0198659557152658,1.427096656030804,0.20918418986049298
0.0,0.7648729584301923,0.4504935551917265,-1.7917806853088485,0.09848240861860037,-0.7001166842066785
0.0,0.4245609604649655,-1.0025019245479008,-0.043314007011123576,-0.23535053879244017,-0.4045623409952533
1.0,0.4691600276007492,-0.6433597351271785,0.8528462135076641,-0.19843872041224722,-0.12848234888321736
2.0,-0.22739041329094964,0.5971324646076388,-0.11305454659774353,-0.3036831840259906,0.5043816130538453
0.0,0.02840384427947984,-0.17765647892692132,0.8010143373033102,-0.05052308289457825,-0.4731532314237298
2.0,0.7829545629219843,0.8962685204534198,1.1702357662200586,0.9266627782473943,0.4692977853005453
1.0,1.799527052315992,-1.3804230293783366,-0.5107314602086408,-1.3944559135906538,0.7502830840218683
2.0,1.6714871869178491,0.5473050670569096,1.2152455089832763,1.3503321495789986,0.660592943094241
0.0,2.3524509509808147,-0.8437376651793946,-0.8156222219751271,-0.2750945379253727,1.987688340636478
2.0,1.155552460154048,0.3866033687801914,0.8381368561048698,-0.1591261664668991,1.0722305356331014
0.0,1.1244311760968226,1.56544552034551,1.067075921161901,-0.47372494249576214,2.723758078855615
0.0,0.555118962750806,-0.43163064895671366,-0.1726894232431402,0.22479226420252274,-1.0389399520883715
0.0,0.4795431298349701,-0.13269648547928517,0.0567392707703978,1.262834919222864,0.39672188567649314
2.0,-0.4078202756905293,0.3990325841176288,1.1982896350171115,-1.0332300611173217,1.8866155879538642
0.0,1.1734156227641075,1.6863894738923035,0.23106635725964392,-1.0505993387040249,1.2991274230392629
0.0,-0.6361621190458506,-0.3091852932890845,1.6873488991689771,-1.9661496716756006,-0.807800476653674
2.0,-0.4299002086073372,-0.3673511135022836,0.8783003885738719,2.3146535685326355,-1.2388596548003208
1.0,-0.01396688102669801,-0.46988277917347,0.041173802341573425,-0.5301170919496098,-0.3546218744616359
2.0,-1.3572783225758807,1.294128708303199,0.806112957503965,-0.3757059684950859,-1.1617128672379065
0.0,-0.4898472197553355,0.8802935200445792,1.8214857054803937,-2.979661486371143,0.42942511792628146
1.0,-0.08949184857320568,-0.5085136707360182,0.12973210059265186,0.6458484166988897,-1.1527843469315873
1.0,-1.4907874796585376,-0.3216515239238237,0.24462758023514233,1.1819677010627065,-1.8165903052172185
2.0,-0.7215293891006945,0.5273942009524734,-0.4364352547618426,-0.31581676030584444,-1.159522679276097
1.0,-0.27655801812822156,0.04058015739539061,-0.48191968436411475,-0.5756422621385335,-0.7598124488053948
0.0,-0.783525326455829,0.1132112224369482,-1.2979240282266284,-0.04467261629891285,-1.0371569688909552
0.0,-0.5969127469132128,-1.0804537079608068,-1.074479018187524,-0.8315907105019473,-0.18969579917468257
2.0,1.3619881655972672,-0.48399466396189855,-1.031129632101874,1.0476049166232584,2.3654941353766055
0.0,-0.013397124466765529,-0.1179308407993776,-0.7298226343492893,1.0139617527479305,-0.6932402475090191
0.0,2.2155102250524084,-0.697362312018756,0.6993618832073552,-0.2966783556549092,0.24248321401231007
1.0,-0.8446324893061945,-0.7343834428573146,0.34091686415906486,-0.5745972799331115,-0.9362499462987421
1.0,2.823638950383158,1.7965003350056394,0.8752843447038938,-1.8549919447433079,0.05769730720760023
2.0,0.6746137963998923,1.442931431391949,0.25147716282452587,0.6982806669476855,0.27455571768662673
0.0,-0.7945887530021125,-1.7752933427995383,-0.07309384631141762,0.3707735449556955,1.1819882970384197
2.0,-0.9476685255123354,1.2676949674462754,1.0448723032008815,-1.4309628365497937,1.3287344064048348
1.0,-0.7126199643313793,0.6217110605958941,0.3771942581036734,0.31164518997773716,-1.1784715415464504
2.0,1.6953958718002669,-0.3620186761885679,0.07497817615112201,0.19860030654327576,0.27894040939859
1.0,-1.027788141804042,-0.9624889524722614,-0.6316110880530285,-0.9732674315875155,0.7226119251746566
0.0,0.9000598790027204,0.9362837035224215,-0.29201811938858646,-0.2929741064365057,0.539114902400932
2.0,0.4833127697036868,0.5303280747718685,0.32829109915913846,-1.0953563292339508,1.7527964944258765
2.0,-0.0025488400226787913,-1.2774653988329123,1.1557454856795317,-0.42896957180228595,0.5184836617779501
2.0,-0.16200094729897208,-0.3880112318146364,0.5061075156381689,1.0489336421881863,1.811032865823156
1.0,0.2997120870357384,0.8884161224581677,0.6120955921770943,0.39456707518789985,1.1388536010791335
1.0,0.286059626941388,0.6451270143455969,-1.1179026149609708,0.9339189056943124,-0.9304263109539206
2.0,-1.5879368349439804,0.08277072246788955,0.2987909325534615,0.24974852084592317,-0.3221069948656232
1.0,0.18359612638314238,0.44183702421661086,-0.8165679049312583,-0.194065427974626,1.3664756971122287
1.0,-1.1325074815848506,-0.7821965285092481,0.037610053808401954,-1.3742315866887236,-0.42469049954016197
