0.0,1.685306405444165,-0.5874958282060985,0.20953940297640916,1.533062173208665,0.30578200707189473
1.0,0.025499647010461868,0.14820572387979325,0.20665552422819378,0.551160100057406,0.6857733480826927
1.0,-0.3839504321186805,-0.38871762603745474,0.7028476164227094,1.4092331447746618,-0.10968512177900196
1.0,1.442963759956587,-1.0532144982415632,-0.2500010863265985,1.1396877862135497,0.3171143746617666
0.0,-0.11820061447250506,-0.1445030212176653,1.4865922049834772,0.7099501004529082,-0.3690847035825265
2.0,0.4648273115174696,-0.5205986414062825,-0.24264608012019886,0.7973257023467043,2.565478695039809
0.0,-0.7825861421634402,0.16779179427474125,1.2773718186656953,-0.6341861121450914,0.6324163600307318
0.0,-0.6822990278613883,-0.27529643981891333,0.10513658706985142,0.4103777653840905,-0.6698586113242353
2.0,-0.24778372491823072,-0.012478758348863693,-0.06600829482038027,1.1724034935964758,0.36623496888222645
2.0,-0.7615054011568502,-0.6396798616551891,-1.6380588524061404,0.4244609444738108,-0.641838409111982
1.0,1.8102015355084582,0.8957331060632149,0.7804227747833306,0.40292679046902946,1.0339527106845652
2.0,-0.7949751950543789,-0.9673673236220558,-1.4433208652113436,-1.352751709068338,0.6220889217131057
0.0,0.9377630992612388,0.3949450381269255,1.344571186459639,-0.6101032639021079,-0.5138808346196319
2.0,-0.3178343106248423,0.8301304433557718,0.7007780466630577,1.9177719738940797,-1.1162140680448756
2.0,2.5630552236068977,0.6402581629503827,-0.5867459781393785,-0.4022344671929289,0.17800602658805426
1.0,0.42195951170663404,-0.8942991732856373,-0.0011087995037047113,0.4507001544330457,0.5801050686735625
0.0,-1.3210208787450322,-0.779074781938746,0.0584644307283065,-0.28814741546644734,-0.47167315639178237
1.0,-0.9116040329756819,0.29980632572236343,-0.4816495430671845,-0.9516331348851609,0.30809669971253656
1.0,-1.8534281172795908,3.1744844173338707,0.7406630093567841,0.45278761178992755,7.002429386336954
1.0,-1.2702176195826027,1.6668398547065426,-2.747784925478911,-1.7345536795925398,0.4891859339372916
1.0,0.2088748199196963,-0.6045824294536716,-1.8560660265350624,0.8220851115801241,0.909330589836275
0.0,-0.2893765391784544,-0.24270820958845274,-1.0018538203351424,0.265311500324605,-1.109100773869312
1.0,-1.2050629725794093,-1.2814497533287412,0.9060152192186048,2.5844442567200026,0.23177418379461895
0.0,0.7786884414582859,0.8401366726056873,-1.4052133687980473,-0.4179995201696348,-1.4001996748343015
0.0,-0.06158866513189746,-0.10415480673773866,-0.16038462565805373,0.01577157563129561,-0.0925196215594892
1.0,-1.8289236211291062,-0.2782579423598647,0.3807818349835534,-0.3335004375787212,-0.8829411210470859
2.0,-0.9450954003194685,1.5794985003857789,-0.28674187446405397,-0.7276267996134376,0.7153464392796116
0.0,1.7765525167451333,0.6754021023744374,1.9685131755159913,0.9718835257779175,-0.13385161044718785
2.0,0.8095586435311491,-0.2509839724392137,1.0560003101690103,-0.9818842152452885,0.2657794780748584
1.0,-1.4606455347147067,-0.44912367157906846,2.348717804162213,-0.8964237754678841,-0.23740666458035956
2.0,0.827423493446634,0.5768075370986372,-0.5170067411502576,-0.06532501384986378,0.9189389158010682
2.0,-1.379816397596114,0.8337882425880891,0.348642554950299,2.5435994465647376,1.7478726432187952
2.0,0.7310895937209342,0.8586695937867135,0.09739152833295063,-0.41050517165065553,-1.1354734808104119
2.0,-0.024598096619998355,-0.7286214482555939,0.18349836290241583,0.615624085371771,-0.7809554316476749
0.0,-0.9411065415827975,0.8293187174380545,0.5275169677308088,0.3459582724581633,-0.6119403369087371
2.0,0.8007690983928363,0.3636982404335693,1.0266941219348726,-0.9954109047540688,-0.07476368507752275
2.0,-1.1716434308042492,0.7799137127480071,1.0107434104595598,-1.0827413163115167,1.9214678738036604
2.0,-0.22577776633316743,-0.5283320717664334,1.0092556328450493,1.3544333446260859,0.47439591237819495
2.0,0.3535566579748323,-0.528441154489714,-0.5680958441382707,1.8982860658607323,0.004766498714359166
0.0,0.3493648230312809,0.6356972373519467,-1.4389219536821563,-0.5986169655725823,-0.759401943912961
0.0,1.0153862235210256,0.6015238963784943,-0.2967953150806851,0.1140025215251413,-0.2631585523050808
2.0,-0.9330160223827197,0.118191746717115,0.13876981309920083,0.8532651350308239,0.500774530362399
1.0,2.2894367779044758,-0.8702934651416454,0.2770423991108248,0.6978885763427864,0.11189614666962429
0.0,0.6830819722891465,-0.832478783565567,0.30001882686965897,0.08373276548918737,0.12948146937391491
0.0,-1.0810218502423539,-0.6932707869678376,-0.5161849692318115,0.3456759131854998,-0.2872926269202188
1.0,1.5897741268689978,0.33105773793530757,-0.19996277276244592,-0.030777239085693364,-0.6807448332228068
0.0,0.7901834637344318,0.03652578525790044,0.20347093559019078,-1.0355573456993847,1.5867855862852884
1.0,0.1777513792805693,0.4616801879284193,-0.4660132364737125,-0.4597520065934241,-1.2326222791605772
1.0,-0.8019382741435286,-0.4667476024293255,0.42207633235482134,-0.31493117721147496,-0.04701675182328178
0.0,1.5228508062511643,-0.15530631881364834,1.1553442563312895,-1.5686314549133276,-0.08059705441458788
1.0,-0.1047468987045218,-1.4441191676626945,-1.6282743814496048,0.15678998795964347,-0.47120581642638654
1.0,-0.4908384399828211,0.510400093830311,0.9181266868782623,0.041354770543569216,-1.1668035874813192
2.0,0.6155101730092993,0.16613670122473803,-1.0981503705736833,-1.2613035165712507,-0.8614941375119365
0.0,0.014727121187042936,-0.24790700642481509,1.0301398753808158,-0.6502088597462894,-0.8677679883043824
2.0,0.1209345611418862,0.1908088618183263,-1.226600189664928,2.8011406284281155,2.8502785186623294
0.0,0.29422974527291723,-1.0847563425359312,1.0357117569872878,-1.0026892360270685,-0.04811278925094909
0.0,0.08412650118647227,0.8458063587935443,0.8803956156353486,1.3189539216077286,1.6700656874255024
2.0,0.9425555285324537,1.2673520064923587,-1.8644823623144595,-0.19411038303597267,0.5827823633935063
2.0,-0.31577829278816005,-0.5987711601334075,-0.33246162290064646,-0.3762487577323021,-0.9811493900051297
1.0,0.3428334119171144,-0.6299845071995689,-0.5731705342108852,0.0006001291928092317,-0.2696285925375465
0.0,0.7370345498372276,-0.19223795437945254,0.13650796924576192,0.24744960048439885,-0.2562986566268973
2.0,0.0026108883442693426,0.026502924637601084,-0.8846316377123766,0.41644718329422153,-0.8306945360764431
2.0,-0.37722647407491766,1.3227236497386938,1.550092005318234,1.163975752684021,0.8733829089634624
0.0,-0.0473852383974443,-1.6506538411636174,1.0831565088123547,1.2350260988211241,0.003873673277464322
1.0,0.6568393437334307,-1.9840869084488635,0.8991878988951908,-1.4872642424667604,0.7066433133252839
1.0,0.04309907256744205,1.0907167608087358,0.17741049341517534,-0.37938858184741747,-0.46404408992341234
0.0,-0.49085700050005354,1.6919089496120776,0.2959256731640376,0.022777810023614495,0.062066071953362494
1.0,-0.39984203923580286,-1.273138181798558,-0.5465007360351056,-0.45433772457852395,-0.47887774588961524
1.0,-0.3409895950447504,-0.717162891281429,-0.9484794646982058,1.1350863319326303,0.5328908648935089
1.0,0.22052847556872338,-0.48945745560428416,-1.4981346562192652,-0.12068253091244985,-0.5119396934385412
