2.0,-0.5402176087339989,-0.4663412761609918,-0.5109788425637085,0.15632410588489948,-0.8660888906739452
2.0,1.1872304408491174,-0.582336534166658,-0.696177445896444,-1.062278566558895,1.2400626802219725
2.0,0.8644581338267286,-0.01324694839854389,0.2299592941053735,-1.353192191068962,0.26423397812312116
0.0,-0.24407409008990144,-0.46586621260900124,-0.6953356952934318,-0.41947084809078006,-0.9048372048380466
0.0,-0.6070454496830499,-2.4630273058659156,0.3840157742853692,-1.8623635365409164,0.40856578464308324
2.0,-1.3344874704602827,0.37204102501023,-0.3625822830309904,-0.3363955088300631,-0.06623450265155309
1.0,-0.4798413691284769,0.8041958299867396,-1.4711203062496878,0.09768143764451996,-1.1147685530276574
1.0,0.594624264039967,0.9230322868816585,-1.938881501375166,0.5227242130284533,-0.9208697098238294
2.0,0.41873959031761354,1.309683725099028,0.1144873212921844,-0.23219649794782365,-0.3981454426121085
0.0,-1.7954176099168178,-0.17697653757759935,-1.0043283246472525,-0.9320498676660427,-1.058208909489636
1.0,-1.247708077029653,-0.34346324049795085,0.6904510588802387,1.1496111058422935,0.7374166465684399
2.0,-1.3758070840908303,-0.31222861672638674,-0.7669977466238744,-1.2234079703925018,-0.6102373461502191
0.0,0.5933650050743542,-2.3155439565397256,-0.6894801170900883,-0.4240120493065524,0.5690293891487238
0.0,-0.44591175477276207,-0.8357457073832876,0.3747425716031655,-2.059139902876208,0.7526063065852865
1.0,-0.2300543274484392,-1.5672484396821535,0.9960527865187547,-0.3648819579368697,0.141132495596707
2.0,-0.05431531430987645,0.6618643235394557,1.3330350707376115,0.2946169465970797,-0.06764622051475555
2.0,0.8142589069920316,-0.21603519489403075,-1.862713304335831,-0.42950243403468924,1.0396726653387198
1.0,0.388090880605651,-0.7175301903494571,-0.7178141327096066,-0.44824180574544387,0.4800366341690228
2.0,-1.0032562772900684,1.5894666160786222,0.20441885609422153,3.9453187308731956,-0.2647193827232588
0.0,-0.4589962154577945,-0.5993445020514515,0.943676134880722,-0.26487656922302405,-1.0189777546095218
1.0,-0.03492781973705405,-1.0013849995624147,-2.0761804554185135,0.30745361193786575,0.4591312906451192
2.0,-0.7913877355993458,-0.2606967292981114,1.2162377646164089,-0.11917828715054457,-0.2719629822112834
1.0,-0.8501338681293907,-1.676943481864649,0.9086860920052318,-1.0800298805262927,-0.4674562246138934
2.0,-0.73978344084705,0.45261690549525513,0.046541494987824054,-0.1941106790655415,-0.9424169470351953
2.0,0.25968486989879414,0.9812752802684163,0.3870432830541892,-0.6697069773718498,-1.1204852880509908
0.0,0.5045743307432844,1.4393394910578179,-1.5186499330139256,-0.36646587294251615,-0.5742577551725472
1.0,0.5478344122335927,2.052215939623099,1.0209528615712504,-1.0986467046271582,-1.4068104353509905
2.0,1.4464386132986402,1.8881119368548922,-0.16213664380751575,1.6150691527514434,-0.7539676319228046
0.0,-0.45017690648416553,0.014048120511778278,0.3587062213656894,-0.343845816570267,-0.1179461187224722
2.0,0.7634088447064931,0.2889726305195235,0.09055238823710272,-0.05405477871813605,-1.1546474891195575
0.0,-0.9383053310382954,0.6889103595182381,0.49909249735798505,-0.6445795685032627,-1.6252027374174725
1.0,0.3013930206729775,-0.1066969288309396,-0.3816985667071365,-0.2572629886578321,-0.1489530527538578
2.0,-0.8244795338725968,-0.47798515596363356,-1.0320622805579087,-0.5119377771744343,0.20428255908264753
0.0,0.32304249024985954,-1.4983396305912546,-0.3435498334512825,0.048917652896377645,1.0694717532775788
1.0,0.4137548373320937,-0.3727581455660941,-0.16861732770285787,-0.2941277224548092,-0.5591964621052726
1.0,1.983470207522094,-0.016614490614461495,-0.7196296207088787,-0.5533045049842046,0.12159746675260509
0.0,0.9184092521942826,1.1718842799535683,-1.5443616659676571,-0.20336953526986432,-0.19837924808320412
0.0,-0.10628673398728616,0.483217758731385,-0.33915679135984184,-1.6440717947764065,-1.315442311125602
2.0,-1.5393730498440414,0.48692355540610094,0.33210590080735064,1.299354857763886,1.523984309285134
2.0,-0.3681611984740459,1.4966950839186506,-1.3459339453296169,0.38016547032048237,-0.6447859566214446
0.0,0.19352749434231978,0.22706950029189993,0.20090632463943284,0.4954959388248069,-0.44111726428744763
1.0,-0.3517399793403071,0.6774015659259278,1.8267189005501858,-0.3845250084973422,-1.5690412620728074
2.0,-0.766391135446365,-1.099266908155963,-0.21859456192265866,0.8001734547016999,-0.5256792280499885
1.0,-0.5728853870426419,0.8960299499384087,-1.070485713697692,1.3030581884248136,0.9171510303803719
0.0,0.3868611670436474,1.4342211858744796,1.3707402340471149,-0.3264763928744956,-0.2922738994683498
1.0,0.9304276277501227,-0.2899690804751415,0.8635111594616058,-0.5933530959877714,0.5704886193837543
1.0,0.16752713816427012,-2.2953730667962042,0.06555300036522815,-0.4720524656425091,0.44063683507760726
0.0,1.0632145833908153,0.6529772817414468,0.7849993690270414,-1.3813907673697938,0.6935877902870519
2.0,-0.17140037217448006,-0.9363172953127801,-0.6414865174951778,-0.6670887448316768,1.4521185326367523
0.0,-0.8090752723888677,0.913007141981129,-0.38650068184771,0.8884553090799168,-1.1704577864985224
1.0,0.9485425611776749,-0.35460763550159907,0.13111430185326806,-2.555950427383472,-0.0684795905497078
1.0,0.22403619708901068,0.2439709225584297,-0.45977183788788323,0.8904194437840203,-0.3338801246407731
0.0,-0.42876385513865023,-0.15915078404224434,1.2547801453736536,0.19880584385798072,0.13298801444588157
2.0,1.0892951437434586,-0.23837139687739678,-0.7837608523162973,-2.167643367070367,0.6043065111725694
1.0,-1.2669730263191628,0.8511271654649977,-1.3109022540409407,0.9306404262240446,-0.08170065927046047
2.0,-1.2813303297893324,-0.7684444041635886,-3.514791139990163,-0.40851809371375736,0.23241032528179703
1.0,0.9177363454196765,-0.03232448718349307,-0.6290522887136583,-0.6713017388581041,-0.09052831753001632
1.0,0.8590729340307395,0.5609730633444124,1.719224616404777,-0.06851356865023026,-0.659380758178432
0.0,1.1802081377396125,-0.49025409619077087,-0.3154616769928458,-0.5813520303718404,-0.30525557869327596
2.0,0.14570981819133488,1.6500577714531923,-0.3774991912758946,1.217358048122198,0.04118421703584561
0.0,0.04322309161774392,-1.14751213799234,-1.3616768790114957,0.2708629071269718,0.3061366612166089
0.0,0.07671617951516348,-0.8004185772212403,-0.010322787096408796,-0.19753804471074393,-0.43003109131706524
1.0,-0.3907483735784337,0.427979534234307,-1.5091012010133702,-0.7926452458828438,-0.3949940007817887
0.0,-0.3788298693590771,-0.02079297704995513,0.21970835857917279,-0.3497297837156138,-0.8058944694153637
0.0,0.0917682753829647,-1.7343743475329694,0.1963325718582538,-1.0431123723666447,1.8813040638134302
1.0,0.5832483753701714,0.5579015473897453,-2.470196330986344,0.8208726136042235,-0.14602384096893495
1.0,0.41941153742301196,0.11625093482427024,2.0898440716666715,-1.2343942891536483,-0.8236534630847274
0.0,0.18913509535735132,-0.30810513046276955,1.6429166419216426,-1.4386499989640644,0.7380369636356601
0.0,-0.9006164507566562,1.6073118553476662,-2.179590788841579,-0.48343289288600005,-0.9470887826297278
1.0,-0.318523668289167,-0.8860223380959005,1.1782439097370585,-1.3143907092550444,-0.5775689984372088
2.0,-0.2727364882202708,-0.5570075959997912,-1.5363654650423797,0.2653745173837046,-0.0495518946859398
