0.0,0.6693003252941386,1.0891584540408927,0.918748070966682,-0.6467413043863135,2.7691960978895667
1.0,0.302006956245325,0.22007988485739605,-1.9029667731116218,-0.12339739630956771,-0.36003451734502134
1.0,0.18398328682725312,0.2011361183395361,-2.2552645424070428,-1.0241467218962856,0.15868462614458875
2.0,0.16986907464542866,-0.5604094474807475,-0.30596065652855015,-0.8138341293612935,0.7049234282594887
0.0,-1.4860681337658523,1.4343413455453695,-0.13992504454123492,-1.4586763333025319,-1.3080311549894883
0.0,0.9462827314678507,-0.28731574386835074,0.43861458331729497,0.11647891031336031,0.31717127254349387
1.0,0.5849577890632462,-0.3161909740573255,-0.28750389746974486,1.1049235728889883,-0.05049263272170216
2.0,0.6443878404988831,-1.0997478314768339,2.0286537293601135,0.5976807449453321,-0.11543037061912619
1.0,1.608223431303327,0.2943939152791835,-0.5897951101986076,0.26328437314545344,-0.5778052519387196
0.0,0.4937711020692551,-0.1975215947206908,1.106088716137026,-0.6904830882161603,-0.031306959947755834
2.0,-1.4237380940080748,0.26280884678306954,-0.8824706818252454,-0.56422550629638,-0.7111753921238146
2.0,0.2013963417028311,-0.9435455305590283,-0.11473531910089844,0.6711132800029082,0.1471330613218406
0.0,0.04867574629783569,-0.38082703277894964,-1.4860493823224608,-0.6923184963022941,0.5446399314306557
1.0,-0.3018651236640412,-0.4781485707223102,-1.2009737606712463,-0.2796562507413287,0.1603934005611539
0.0,0.8516504228947988,0.04066101754385129,-0.8990201463048477,-0.3849240527384837,-0.4734069430218425
1.0,2.4844011095949257,-0.526423217236547,-0.5668537713700014,0.4349189536191858,0.19322231075412474
1.0,-0.08087534324787,-1.4092281944022509,1.779335221699873,-1.8486955409120516,-0.19731323365656914
1.0,2.0542942468037344,0.7090664034400129,-0.5371818986461234,-0.8426266656907326,-0.25561810760018727
1.0,0.18658498032777826,0.7478794060711724,2.1703942645601186,0.46680646146416943,-0.689825640837717
0.0,-1.9125914195512428,-1.5842670363153124,0.5266285719185129,0.39836504599078165,-0.3151726316710874
2.0,-2.348357310006944,-1.4503220818917144,0.8324975209936426,-1.0756250306194293,0.2900560417669023
2.0,-1.1370933257218645,0.9391877864900502,-1.0195001004771331,-0.5403962747949904,-1.704752223814781
2.0,1.0794061829421588,0.007207793505889206,-0.2747489752270168,0.05233752262545404,-0.16879397479400146
0.0,-0.5544551738300136,-0.3543095609319276,1.2212366649580813,-0.033643688115138126,-0.2179645501873918
2.0,0.38439700860863457,0.03880862010521896,0.484170680223505,-1.568165123242094,-0.3826668622881798
0.0,1.7098453756461391,0.10810443814681665,0.8601673100501963,0.06927519951477841,0.5690379474300273
1.0,0.6431466391212581,0.7333044854317896,-0.5723866883067421,-0.007685472493789896,-1.2405825814205016
1.0,-0.14471616430065282,0.4194969901286897,1.305668607018342,0.2945164365911748,-0.70551513677882
1.0,-2.0513491727036675,-2.2605935104760757,-1.0334124102823876,1.1025028384463302,-0.01161748965244412
0.0,0.8304118830517717,-0.31615410182902565,1.3716751823881033,-1.5372200305225674,-0.3876058407152322
1.0,-1.7636528539481768,-0.5553273559928202,0.836049956997597,-0.5361570853658091,-0.6517621310604882
2.0,-0.40499832025287924,0.4146795329915727,-0.8558294159932232,-0.5649762633976639,-0.5149414022202345
0.0,0.5105599626229883,-1.1631180110848904,0.6465960470373978,0.4287745294614446,-0.5756768176756392
1.0,0.3603375849988053,1.9812382882397028,-2.57579398945145,-0.517850104393694,-0.20078025089513374
2.0,1.0074717304113734,0.12306243267297179,-0.2622540783555838,0.53887798729678,-0.8413627195403779
1.0,-0.1025449674128312,0.09038383526940093,-1.6305201710784962,-0.275450918502866,0.38589938145404923
2.0,-0.8770380372820686,0.29484149270595655,0.8875952553295925,0.2608520905685022,-0.8481267279544564
2.0,-1.109296003069512,0.40286821198632744,0.7323279037226978,-0.2860956547058768,-0.9795676735989957
0.0,0.44518243489854614,-1.1217663412945578,0.09029476119779543,1.1049359716009242,0.175397254431325
0.0,0.0578240281223761,-0.3149348912957334,-0.4061389352449572,0.8164761026445039,-0.09562930026100207
2.0,-1.5557805970967498,1.9146439925333787,2.817566041002779,-1.6878321890902634,-0.33822878134493867
2.0,0.4803420855121167,0.8914170531363477,-1.8627504923523623,0.2995202387229258,-0.6933455896336191
2.0,-1.360219231112536,-1.952056601575469,1.6727162366853807,0.0013546889388536098,0.37203709791882483
0.0,-0.43809854687287203,-1.810355135140019,0.33381728039239,-1.6831033943634834,0.017685875342214757
1.0,0.2512080983039366,0.22208270850389808,-0.4606822828567863,-1.0432977527941476,-0.2506308969473461
2.0,-0.36678477462092246,3.274830593670057,-2.180491596392097,-1.0422338552164085,1.2714272431611273
1.0,-1.7922295207891743,0.05622906265373781,1.0512152979543596,-0.20971202746958764,1.791870554752804
0.0,0.1018370773482725,-0.045348797777380365,-0.21198074946505135,2.2386977222315694,-0.45221592733514554
0.0,-0.21627155826500674,1.0821969163857867,-1.0380842856566355,0.48902991679047686,0.7442404250724044
1.0,-0.3033502780238419,-0.5124286391114016,-0.7149180632629856,0.9045212088533806,-0.9858188835147556
0.0,-1.1423775723483818,-0.721398617759571,0.3856668184861598,-1.7426663576728783,-0.43161622964158874
2.0,0.17327320135503804,1.0534602994565516,0.13592748828037093,-0.15729540108815887,-0.8983463638296545
1.0,-1.3648390264714534,1.0145034131383164,1.582246840482595,-1.5701543973831837,-0.7463983995032601
0.0,-0.0932710958420657,0.7944197244877146,0.11197185835193056,-0.2365479965028282,0.38213774159834557
1.0,-0.6263059274505242,-1.357058770036557,-0.31382356831727676,-0.7170227018281675,-0.5153168157048388
2.0,-1.5862518987555108,-2.2619309958299327,0.05645470239362821,-0.09398160696944506,0.1782113512627781
1.0,0.4065312083445057,-0.6687819618321048,0.5182597314832833,-0.4292273121028663,-0.5658615609821352
2.0,0.07751894004569944,-0.7275132353985228,0.3351056566928295,-0.12025154491652226,0.6576533214224286
0.0,-2.3245948482701593,-2.0523213711895103,-0.1760975411589979,-0.7677481764441016,-0.367423952375151
2.0,-0.2981587265463092,-0.37321078369515565,0.24215359681757329,1.5025370726582858,-1.0909165403871708
0.0,-0.731039781990615,0.30313053743979984,0.2152783009176048,-0.4355537675785457,0.6179742643560234
0.0,1.2813195137346514,0.41745177869943106,-0.4781743418418597,-0.9232525150574148,-0.9044533163741607
2.0,-0.1815055680323742,1.3585470059651363,-0.953344940677979,-1.0035307632208832,0.72215771757043
2.0,-0.6748232207177939,-1.409976577329817,-0.25065474533732185,-0.11555397408158198,0.5755082079713323
1.0,-1.409197619609273,-3.4939515526770526,-0.9698668324821127,-0.778089259045161,2.0356448043904782
0.0,1.2045904612111742,1.6289124724519781,-0.05715195015614614,-0.21479410893219553,-0.7368395271394219
2.0,-0.6459007810746884,0.1337481067685649,0.12132584963010404,-0.7410606946340658,0.45426801784329
1.0,-0.6161996443043425,-0.6035199416958055,-0.05392514085352286,0.6481962653219395,-0.7965888777625272
1.0,1.4586813856782175,-0.21528790374026546,-0.4207500564639816,-0.36659847058692774,0.07049577834655227
0.0,0.13821753058470387,0.3622919662751483,-0.7907197182652224,0.8296315669782095,-0.5797266760453998
2.0,-0.33817384644323384,-0.3171003925194812,1.9789481099352257,2.192598513651483,0.9986093850162678
